<?xml version="1.0" encoding="UTF-8"?>
<!-- Generated by org.testng.reporters.JUnitXMLReporter -->
<testsuite ignored="0" hostname="DESKTOP-T9LQH1T" failures="0" tests="9" name="Login_Invent_Test" time="36.445" errors="0" timestamp="2024-04-16T17:58:59 IST">
  <testcase classname="testCases.LoginPageTest" name="loginToApplicationTest" time="1.996"/>
  <testcase classname="testCases.LoginPageTest" name="verifyTitleOfApplicationTest" time="0.078"/>
  <testcase classname="testCases.LoginPageTest" name="verifyURLOfApplication" time="0.858"/>
  <testcase classname="testCases.Inventory_Page_Test" name="add6ProductTest" time="0.76"/>
  <testcase classname="testCases.Inventory_Page_Test" name="remove6ProductTest" time="1.138"/>
  <testcase classname="testCases.Inventory_Page_Test" name="verifyFacebookLogo" time="0.134"/>
  <testcase classname="testCases.Inventory_Page_Test" name="verifyLinkedinLogoTest" time="0.077"/>
  <testcase classname="testCases.Inventory_Page_Test" name="verifyheaderLabelTest" time="0.093"/>
  <testcase classname="testCases.Inventory_Page_Test" name="verifypageTitleTest" time="0.138"/>
</testsuite> <!-- Login_Invent_Test -->
