<?xml version="1.0" encoding="UTF-8"?>
<!-- Generated by org.testng.reporters.JUnitXMLReporter -->
<testsuite ignored="8" hostname="DESKTOP-T9LQH1T" failures="0" tests="4" name="Group_Test" time="18.346" errors="0" timestamp="2024-04-19T16:33:29 IST">
  <testcase classname="testCases.Cart_PageTest" name="verifycheckOutBtn" time="0.135"/>
  <testcase classname="testCases.LoginPageTest" name="verifyTitleOfApplicationTest" time="1.719"/>
  <testcase classname="testCases.Inventory_Page_Test" name="remove6ProductTest" time="1.133"/>
  <testcase classname="testCases.Inventory_Page_Test" name="verifycartIconTest" time="0.279"/>
  <testcase classname="testCases.Inventory_Page_Test" name="add6ProductTest" time="0.0">
    <ignored/>
  </testcase> <!-- add6ProductTest -->
  <testcase classname="testCases.Inventory_Page_Test" name="verifyFacebookLogo" time="0.0">
    <ignored/>
  </testcase> <!-- verifyFacebookLogo -->
  <testcase classname="testCases.Inventory_Page_Test" name="verifypageTitleTest" time="0.0">
    <ignored/>
  </testcase> <!-- verifypageTitleTest -->
  <testcase classname="testCases.Inventory_Page_Test" name="verifyheaderLabelTest" time="0.0">
    <ignored/>
  </testcase> <!-- verifyheaderLabelTest -->
  <testcase classname="testCases.LoginPageTest" name="loginToApplicationTest" time="0.0">
    <ignored/>
  </testcase> <!-- loginToApplicationTest -->
  <testcase classname="testCases.Cart_PageTest" name="verifycontinueShopBtnTest" time="0.0">
    <ignored/>
  </testcase> <!-- verifycontinueShopBtnTest -->
  <testcase classname="testCases.LoginPageTest" name="verifyURLOfApplication" time="0.0">
    <ignored/>
  </testcase> <!-- verifyURLOfApplication -->
  <testcase classname="testCases.Inventory_Page_Test" name="verifyLinkedinLogoTest" time="0.0">
    <ignored/>
  </testcase> <!-- verifyLinkedinLogoTest -->
</testsuite> <!-- Group_Test -->
