<?xml version="1.0" encoding="UTF-8"?>
<testng-results ignored="0" total="9" passed="8" failed="1" skipped="0">
  <reporter-output>
  </reporter-output>
  <suite started-at="2024-04-19T19:40:16 IST" name="Default suite" finished-at="2024-04-19T19:40:58 IST" duration-ms="42327">
    <groups>
      <group name="Sanity">
        <method signature="Verify_Multiple_Crediential.loginToApplicationTest()[pri:0, instance:testCases.Verify_Multiple_Crediential@1a942c18]" name="loginToApplicationTest" class="testCases.Verify_Multiple_Crediential"/>
        <method signature="Verify_Multiple_Crediential.verifyTitleOfApplicationTest()[pri:0, instance:testCases.Verify_Multiple_Crediential@1a942c18]" name="verifyTitleOfApplicationTest" class="testCases.Verify_Multiple_Crediential"/>
        <method signature="Verify_Multiple_Crediential.verifyURLOfApplication()[pri:0, instance:testCases.Verify_Multiple_Crediential@1a942c18]" name="verifyURLOfApplication" class="testCases.Verify_Multiple_Crediential"/>
      </group> <!-- Sanity -->
      <group name="Retest">
        <method signature="Verify_Multiple_Crediential.loginToApplicationTest()[pri:0, instance:testCases.Verify_Multiple_Crediential@1a942c18]" name="loginToApplicationTest" class="testCases.Verify_Multiple_Crediential"/>
        <method signature="Verify_Multiple_Crediential.verifyURLOfApplication()[pri:0, instance:testCases.Verify_Multiple_Crediential@1a942c18]" name="verifyURLOfApplication" class="testCases.Verify_Multiple_Crediential"/>
      </group> <!-- Retest -->
      <group name="Regression">
        <method signature="Verify_Multiple_Crediential.verifyTitleOfApplicationTest()[pri:0, instance:testCases.Verify_Multiple_Crediential@1a942c18]" name="verifyTitleOfApplicationTest" class="testCases.Verify_Multiple_Crediential"/>
        <method signature="Verify_Multiple_Crediential.verifyURLOfApplication()[pri:0, instance:testCases.Verify_Multiple_Crediential@1a942c18]" name="verifyURLOfApplication" class="testCases.Verify_Multiple_Crediential"/>
      </group> <!-- Regression -->
    </groups>
    <test started-at="2024-04-19T19:40:16 IST" name="Default test" finished-at="2024-04-19T19:40:58 IST" duration-ms="42327">
      <class name="testCases.Verify_Multiple_Crediential">
        <test-method is-config="true" signature="setup()[pri:0, instance:testCases.Verify_Multiple_Crediential@1a942c18]" started-at="2024-04-19T19:40:16 IST" name="setup" finished-at="2024-04-19T19:40:21 IST" duration-ms="4786" status="PASS">
          <reporter-output>
          </reporter-output>
        </test-method> <!-- setup -->
        <test-method signature="loginToApplicationTest()[pri:0, instance:testCases.Verify_Multiple_Crediential@1a942c18]" started-at="2024-04-19T19:40:21 IST" name="loginToApplicationTest" finished-at="2024-04-19T19:40:23 IST" duration-ms="1893" status="PASS">
          <reporter-output>
          </reporter-output>
        </test-method> <!-- loginToApplicationTest -->
        <test-method is-config="true" signature="closeBrowser(org.testng.ITestResult)[pri:0, instance:testCases.Verify_Multiple_Crediential@1a942c18]" started-at="2024-04-19T19:40:23 IST" name="closeBrowser" finished-at="2024-04-19T19:40:23 IST" duration-ms="384" status="PASS">
          <params>
            <param index="0">
              <value>
                <![CDATA[[TestResult name=loginToApplicationTest status=SUCCESS method=Verify_Multiple_Crediential.loginToApplicationTest()[pri:0, instance:testCases.Verify_Multiple_Crediential@1a942c18] output={null}]]]>
              </value>
            </param>
          </params>
          <reporter-output>
          </reporter-output>
        </test-method> <!-- closeBrowser -->
        <test-method is-config="true" signature="setup()[pri:0, instance:testCases.Verify_Multiple_Crediential@1a942c18]" started-at="2024-04-19T19:40:23 IST" name="setup" finished-at="2024-04-19T19:40:25 IST" duration-ms="1937" status="PASS">
          <reporter-output>
          </reporter-output>
        </test-method> <!-- setup -->
        <test-method signature="logintoApplicationWithMultipleCredsTest(java.lang.String,java.lang.String)[pri:0, instance:testCases.Verify_Multiple_Crediential@1a942c18]" started-at="2024-04-19T19:40:25 IST" name="logintoApplicationWithMultipleCredsTest" data-provider="credentials" finished-at="2024-04-19T19:40:26 IST" duration-ms="1498" status="PASS">
          <params>
            <param index="0">
              <value>
                <![CDATA[standard_user]]>
              </value>
            </param>
            <param index="1">
              <value>
                <![CDATA[secret_sauce]]>
              </value>
            </param>
          </params>
          <reporter-output>
          </reporter-output>
        </test-method> <!-- logintoApplicationWithMultipleCredsTest -->
        <test-method is-config="true" signature="closeBrowser(org.testng.ITestResult)[pri:0, instance:testCases.Verify_Multiple_Crediential@1a942c18]" started-at="2024-04-19T19:40:26 IST" name="closeBrowser" finished-at="2024-04-19T19:40:27 IST" duration-ms="403" status="PASS">
          <params>
            <param index="0">
              <value>
                <![CDATA[[TestResult name=logintoApplicationWithMultipleCredsTest status=SUCCESS method=Verify_Multiple_Crediential.logintoApplicationWithMultipleCredsTest(java.lang.String,java.lang.String)[pri:0, instance:testCases.Verify_Multiple_Crediential@1a942c18] output={null}]]]>
              </value>
            </param>
          </params>
          <reporter-output>
          </reporter-output>
        </test-method> <!-- closeBrowser -->
        <test-method is-config="true" signature="setup()[pri:0, instance:testCases.Verify_Multiple_Crediential@1a942c18]" started-at="2024-04-19T19:40:27 IST" name="setup" finished-at="2024-04-19T19:40:29 IST" duration-ms="1838" status="PASS">
          <reporter-output>
          </reporter-output>
        </test-method> <!-- setup -->
        <test-method signature="logintoApplicationWithMultipleCredsTest(java.lang.String,java.lang.String)[pri:0, instance:testCases.Verify_Multiple_Crediential@1a942c18]" started-at="2024-04-19T19:40:29 IST" name="logintoApplicationWithMultipleCredsTest" data-provider="credentials" finished-at="2024-04-19T19:40:30 IST" duration-ms="1168" status="FAIL">
          <params>
            <param index="0">
              <value>
                <![CDATA[locked_out_user]]>
              </value>
            </param>
            <param index="1">
              <value>
                <![CDATA[secret_sauce]]>
              </value>
            </param>
          </params>
          <exception class="java.lang.AssertionError">
            <message>
              <![CDATA[The following asserts failed:
expected [https://www.saucedemo.com/] but found [https://www.saucedemo.com/inventory.html]]]>
            </message>
            <full-stacktrace>
              <![CDATA[java.lang.AssertionError: The following asserts failed:
expected [https://www.saucedemo.com/] but found [https://www.saucedemo.com/inventory.html]
at org.testng.asserts.SoftAssert.assertAll(SoftAssert.java:46)
at org.testng.asserts.SoftAssert.assertAll(SoftAssert.java:30)
at testCases.Verify_Multiple_Crediential.logintoApplicationWithMultipleCredsTest(Verify_Multiple_Crediential.java:71)
at java.base/jdk.internal.reflect.NativeMethodAccessorImpl.invoke0(Native Method)
at java.base/jdk.internal.reflect.NativeMethodAccessorImpl.invoke(NativeMethodAccessorImpl.java:77)
at java.base/jdk.internal.reflect.DelegatingMethodAccessorImpl.invoke(DelegatingMethodAccessorImpl.java:43)
at java.base/java.lang.reflect.Method.invoke(Method.java:568)
at org.testng.internal.invokers.MethodInvocationHelper.invokeMethod(MethodInvocationHelper.java:139)
at org.testng.internal.invokers.TestInvoker.invokeMethod(TestInvoker.java:664)
at org.testng.internal.invokers.TestInvoker.invokeTestMethod(TestInvoker.java:227)
at org.testng.internal.invokers.MethodRunner.runInSequence(MethodRunner.java:50)
at org.testng.internal.invokers.TestInvoker$MethodInvocationAgent.invoke(TestInvoker.java:957)
at org.testng.internal.invokers.TestInvoker.invokeTestMethods(TestInvoker.java:200)
at org.testng.internal.invokers.TestMethodWorker.invokeTestMethods(TestMethodWorker.java:148)
at org.testng.internal.invokers.TestMethodWorker.run(TestMethodWorker.java:128)
at java.base/java.util.ArrayList.forEach(ArrayList.java:1511)
at org.testng.TestRunner.privateRun(TestRunner.java:848)
at org.testng.TestRunner.run(TestRunner.java:621)
at org.testng.SuiteRunner.runTest(SuiteRunner.java:443)
at org.testng.SuiteRunner.runSequentially(SuiteRunner.java:437)
at org.testng.SuiteRunner.privateRun(SuiteRunner.java:397)
at org.testng.SuiteRunner.run(SuiteRunner.java:336)
at org.testng.SuiteRunnerWorker.runSuite(SuiteRunnerWorker.java:52)
at org.testng.SuiteRunnerWorker.run(SuiteRunnerWorker.java:95)
at org.testng.TestNG.runSuitesSequentially(TestNG.java:1280)
at org.testng.TestNG.runSuitesLocally(TestNG.java:1200)
at org.testng.TestNG.runSuites(TestNG.java:1114)
at org.testng.TestNG.run(TestNG.java:1082)
at org.testng.remote.AbstractRemoteTestNG.run(AbstractRemoteTestNG.java:115)
at org.testng.remote.RemoteTestNG.initAndRun(RemoteTestNG.java:251)
at org.testng.remote.RemoteTestNG.main(RemoteTestNG.java:77)
]]>
            </full-stacktrace>
          </exception> <!-- java.lang.AssertionError -->
          <reporter-output>
          </reporter-output>
        </test-method> <!-- logintoApplicationWithMultipleCredsTest -->
        <test-method is-config="true" signature="closeBrowser(org.testng.ITestResult)[pri:0, instance:testCases.Verify_Multiple_Crediential@1a942c18]" started-at="2024-04-19T19:40:30 IST" name="closeBrowser" finished-at="2024-04-19T19:40:30 IST" duration-ms="453" status="PASS">
          <params>
            <param index="0">
              <value>
                <![CDATA[[TestResult name=logintoApplicationWithMultipleCredsTest status=FAILURE method=Verify_Multiple_Crediential.logintoApplicationWithMultipleCredsTest(java.lang.String,java.lang.String)[pri:0, instance:testCases.Verify_Multiple_Crediential@1a942c18] output={null}]]]>
              </value>
            </param>
          </params>
          <reporter-output>
          </reporter-output>
        </test-method> <!-- closeBrowser -->
        <test-method is-config="true" signature="setup()[pri:0, instance:testCases.Verify_Multiple_Crediential@1a942c18]" started-at="2024-04-19T19:40:30 IST" name="setup" finished-at="2024-04-19T19:40:33 IST" duration-ms="3123" status="PASS">
          <reporter-output>
          </reporter-output>
        </test-method> <!-- setup -->
        <test-method signature="logintoApplicationWithMultipleCredsTest(java.lang.String,java.lang.String)[pri:0, instance:testCases.Verify_Multiple_Crediential@1a942c18]" started-at="2024-04-19T19:40:33 IST" name="logintoApplicationWithMultipleCredsTest" data-provider="credentials" finished-at="2024-04-19T19:40:34 IST" duration-ms="620" status="PASS">
          <params>
            <param index="0">
              <value>
                <![CDATA[problem_user]]>
              </value>
            </param>
            <param index="1">
              <value>
                <![CDATA[secret_sauce]]>
              </value>
            </param>
          </params>
          <reporter-output>
          </reporter-output>
        </test-method> <!-- logintoApplicationWithMultipleCredsTest -->
        <test-method is-config="true" signature="closeBrowser(org.testng.ITestResult)[pri:0, instance:testCases.Verify_Multiple_Crediential@1a942c18]" started-at="2024-04-19T19:40:34 IST" name="closeBrowser" finished-at="2024-04-19T19:40:35 IST" duration-ms="428" status="PASS">
          <params>
            <param index="0">
              <value>
                <![CDATA[[TestResult name=logintoApplicationWithMultipleCredsTest status=SUCCESS method=Verify_Multiple_Crediential.logintoApplicationWithMultipleCredsTest(java.lang.String,java.lang.String)[pri:0, instance:testCases.Verify_Multiple_Crediential@1a942c18] output={null}]]]>
              </value>
            </param>
          </params>
          <reporter-output>
          </reporter-output>
        </test-method> <!-- closeBrowser -->
        <test-method is-config="true" signature="setup()[pri:0, instance:testCases.Verify_Multiple_Crediential@1a942c18]" started-at="2024-04-19T19:40:35 IST" name="setup" finished-at="2024-04-19T19:40:38 IST" duration-ms="3194" status="PASS">
          <reporter-output>
          </reporter-output>
        </test-method> <!-- setup -->
        <test-method signature="logintoApplicationWithMultipleCredsTest(java.lang.String,java.lang.String)[pri:0, instance:testCases.Verify_Multiple_Crediential@1a942c18]" started-at="2024-04-19T19:40:38 IST" name="logintoApplicationWithMultipleCredsTest" data-provider="credentials" finished-at="2024-04-19T19:40:43 IST" duration-ms="5590" status="PASS">
          <params>
            <param index="0">
              <value>
                <![CDATA[performance_glitch_user]]>
              </value>
            </param>
            <param index="1">
              <value>
                <![CDATA[secret_sauce]]>
              </value>
            </param>
          </params>
          <reporter-output>
          </reporter-output>
        </test-method> <!-- logintoApplicationWithMultipleCredsTest -->
        <test-method is-config="true" signature="closeBrowser(org.testng.ITestResult)[pri:0, instance:testCases.Verify_Multiple_Crediential@1a942c18]" started-at="2024-04-19T19:40:43 IST" name="closeBrowser" finished-at="2024-04-19T19:40:44 IST" duration-ms="354" status="PASS">
          <params>
            <param index="0">
              <value>
                <![CDATA[[TestResult name=logintoApplicationWithMultipleCredsTest status=SUCCESS method=Verify_Multiple_Crediential.logintoApplicationWithMultipleCredsTest(java.lang.String,java.lang.String)[pri:0, instance:testCases.Verify_Multiple_Crediential@1a942c18] output={null}]]]>
              </value>
            </param>
          </params>
          <reporter-output>
          </reporter-output>
        </test-method> <!-- closeBrowser -->
        <test-method is-config="true" signature="setup()[pri:0, instance:testCases.Verify_Multiple_Crediential@1a942c18]" started-at="2024-04-19T19:40:44 IST" name="setup" finished-at="2024-04-19T19:40:46 IST" duration-ms="2733" status="PASS">
          <reporter-output>
          </reporter-output>
        </test-method> <!-- setup -->
        <test-method signature="logintoApplicationWithMultipleCredsTest(java.lang.String,java.lang.String)[pri:0, instance:testCases.Verify_Multiple_Crediential@1a942c18]" started-at="2024-04-19T19:40:46 IST" name="logintoApplicationWithMultipleCredsTest" data-provider="credentials" finished-at="2024-04-19T19:40:47 IST" duration-ms="664" status="PASS">
          <params>
            <param index="0">
              <value>
                <![CDATA[error_user]]>
              </value>
            </param>
            <param index="1">
              <value>
                <![CDATA[secret_sauce]]>
              </value>
            </param>
          </params>
          <reporter-output>
          </reporter-output>
        </test-method> <!-- logintoApplicationWithMultipleCredsTest -->
        <test-method is-config="true" signature="closeBrowser(org.testng.ITestResult)[pri:0, instance:testCases.Verify_Multiple_Crediential@1a942c18]" started-at="2024-04-19T19:40:47 IST" name="closeBrowser" finished-at="2024-04-19T19:40:47 IST" duration-ms="399" status="PASS">
          <params>
            <param index="0">
              <value>
                <![CDATA[[TestResult name=logintoApplicationWithMultipleCredsTest status=SUCCESS method=Verify_Multiple_Crediential.logintoApplicationWithMultipleCredsTest(java.lang.String,java.lang.String)[pri:0, instance:testCases.Verify_Multiple_Crediential@1a942c18] output={null}]]]>
              </value>
            </param>
          </params>
          <reporter-output>
          </reporter-output>
        </test-method> <!-- closeBrowser -->
        <test-method is-config="true" signature="setup()[pri:0, instance:testCases.Verify_Multiple_Crediential@1a942c18]" started-at="2024-04-19T19:40:47 IST" name="setup" finished-at="2024-04-19T19:40:50 IST" duration-ms="2917" status="PASS">
          <reporter-output>
          </reporter-output>
        </test-method> <!-- setup -->
        <test-method signature="logintoApplicationWithMultipleCredsTest(java.lang.String,java.lang.String)[pri:0, instance:testCases.Verify_Multiple_Crediential@1a942c18]" started-at="2024-04-19T19:40:50 IST" name="logintoApplicationWithMultipleCredsTest" data-provider="credentials" finished-at="2024-04-19T19:40:51 IST" duration-ms="566" status="PASS">
          <params>
            <param index="0">
              <value>
                <![CDATA[visual_user]]>
              </value>
            </param>
            <param index="1">
              <value>
                <![CDATA[secret_sauce]]>
              </value>
            </param>
          </params>
          <reporter-output>
          </reporter-output>
        </test-method> <!-- logintoApplicationWithMultipleCredsTest -->
        <test-method is-config="true" signature="closeBrowser(org.testng.ITestResult)[pri:0, instance:testCases.Verify_Multiple_Crediential@1a942c18]" started-at="2024-04-19T19:40:51 IST" name="closeBrowser" finished-at="2024-04-19T19:40:52 IST" duration-ms="658" status="PASS">
          <params>
            <param index="0">
              <value>
                <![CDATA[[TestResult name=logintoApplicationWithMultipleCredsTest status=SUCCESS method=Verify_Multiple_Crediential.logintoApplicationWithMultipleCredsTest(java.lang.String,java.lang.String)[pri:0, instance:testCases.Verify_Multiple_Crediential@1a942c18] output={null}]]]>
              </value>
            </param>
          </params>
          <reporter-output>
          </reporter-output>
        </test-method> <!-- closeBrowser -->
        <test-method is-config="true" signature="setup()[pri:0, instance:testCases.Verify_Multiple_Crediential@1a942c18]" started-at="2024-04-19T19:40:52 IST" name="setup" finished-at="2024-04-19T19:40:55 IST" duration-ms="3245" status="PASS">
          <reporter-output>
          </reporter-output>
        </test-method> <!-- setup -->
        <test-method signature="verifyTitleOfApplicationTest()[pri:0, instance:testCases.Verify_Multiple_Crediential@1a942c18]" started-at="2024-04-19T19:40:55 IST" name="verifyTitleOfApplicationTest" finished-at="2024-04-19T19:40:55 IST" duration-ms="100" status="PASS">
          <reporter-output>
          </reporter-output>
        </test-method> <!-- verifyTitleOfApplicationTest -->
        <test-method is-config="true" signature="closeBrowser(org.testng.ITestResult)[pri:0, instance:testCases.Verify_Multiple_Crediential@1a942c18]" started-at="2024-04-19T19:40:55 IST" name="closeBrowser" finished-at="2024-04-19T19:40:55 IST" duration-ms="247" status="PASS">
          <params>
            <param index="0">
              <value>
                <![CDATA[[TestResult name=verifyTitleOfApplicationTest status=SUCCESS method=Verify_Multiple_Crediential.verifyTitleOfApplicationTest()[pri:0, instance:testCases.Verify_Multiple_Crediential@1a942c18] output={null}]]]>
              </value>
            </param>
          </params>
          <reporter-output>
          </reporter-output>
        </test-method> <!-- closeBrowser -->
        <test-method is-config="true" signature="setup()[pri:0, instance:testCases.Verify_Multiple_Crediential@1a942c18]" started-at="2024-04-19T19:40:55 IST" name="setup" finished-at="2024-04-19T19:40:57 IST" duration-ms="1898" status="PASS">
          <reporter-output>
          </reporter-output>
        </test-method> <!-- setup -->
        <test-method signature="verifyURLOfApplication()[pri:0, instance:testCases.Verify_Multiple_Crediential@1a942c18]" started-at="2024-04-19T19:40:57 IST" name="verifyURLOfApplication" finished-at="2024-04-19T19:40:58 IST" duration-ms="772" status="PASS">
          <reporter-output>
          </reporter-output>
        </test-method> <!-- verifyURLOfApplication -->
        <test-method is-config="true" signature="closeBrowser(org.testng.ITestResult)[pri:0, instance:testCases.Verify_Multiple_Crediential@1a942c18]" started-at="2024-04-19T19:40:58 IST" name="closeBrowser" finished-at="2024-04-19T19:40:58 IST" duration-ms="298" status="PASS">
          <params>
            <param index="0">
              <value>
                <![CDATA[[TestResult name=verifyURLOfApplication status=SUCCESS method=Verify_Multiple_Crediential.verifyURLOfApplication()[pri:0, instance:testCases.Verify_Multiple_Crediential@1a942c18] output={null}]]]>
              </value>
            </param>
          </params>
          <reporter-output>
          </reporter-output>
        </test-method> <!-- closeBrowser -->
      </class> <!-- testCases.Verify_Multiple_Crediential -->
    </test> <!-- Default test -->
  </suite> <!-- Default suite -->
</testng-results>
